<?xml version="1.0" encoding="UTF-8"?>
<!-- Generated by org.testng.reporters.JUnitXMLReporter -->
<testsuite ignored="2" hostname="Poojas-MacBook-Air.local" failures="0" tests="1" name="Default test" time="3.972" errors="0" timestamp="2024-07-31T22:39:48 IST">
  <testcase classname="com.qa.gorest.Tests.GetUserTest" name="getUser" time="3.907"/>
  <testcase classname="com.qa.gorest.Tests.GetUserTest" name="getUserWithQueryParam" time="0.0">
    <ignored/>
  </testcase> <!-- getUserWithQueryParam -->
  <testcase classname="com.qa.gorest.Tests.GetUserTest" name="getAllUsers" time="0.0">
    <ignored/>
  </testcase> <!-- getAllUsers -->
</testsuite> <!-- Default test -->
