<?xml version="1.0" encoding="UTF-8"?>
<testng-results ignored="0" total="1" passed="1" failed="0" skipped="0">
  <reporter-output>
  </reporter-output>
  <suite started-at="2024-07-31T22:39:44 IST" name="Default suite" finished-at="2024-07-31T22:39:48 IST" duration-ms="3972">
    <groups>
    </groups>
    <test started-at="2024-07-31T22:39:44 IST" name="Default test" finished-at="2024-07-31T22:39:48 IST" duration-ms="3972">
      <class name="com.qa.gorest.Tests.GetUserTest">
        <test-method signature="getUser()[pri:0, instance:com.qa.gorest.Tests.GetUserTest@53aac487]" started-at="2024-07-31T22:39:44 IST" name="getUser" finished-at="2024-07-31T22:39:48 IST" duration-ms="3907" status="PASS">
          <reporter-output>
          </reporter-output>
        </test-method> <!-- getUser -->
      </class> <!-- com.qa.gorest.Tests.GetUserTest -->
    </test> <!-- Default test -->
  </suite> <!-- Default suite -->
</testng-results>
